Using pre-set license
Built from '2021.3/staging' branch; Version is '2021.3.4f1 (cb45f9cae8b7) revision 13321721'; Using compiler version '192829333'; Build Type 'Release'
OS: 'Windows 10  (10.0.19045) 64bit ProfessionalWorkstation' Language: 'ja' Physical Memory: 16111 MB
BatchMode: 1, IsHumanControllingUs: 0, StartBugReporterOnCrash: 0, Is64bit: 1, IsPro: 1

COMMAND LINE ARGUMENTS:
C:\Program Files\Unity\Hub\Editor\2021.3.4f1\Editor\Unity.exe
-adb2
-batchMode
-noUpm
-name
AssetImportWorker0
-projectPath
C:/Users/Owner/Documents/GitHub/yonekokousha/My project (19)
-logFile
Logs/AssetImportWorker0.log
-srvPort
51972
Successfully changed project path to: C:/Users/Owner/Documents/GitHub/yonekokousha/My project (19)
C:/Users/Owner/Documents/GitHub/yonekokousha/My project (19)
[UnityMemory] Configuration Parameters - Can be set up in boot.config
    "memorysetup-bucket-allocator-granularity=16"
    "memorysetup-bucket-allocator-bucket-count=8"
    "memorysetup-bucket-allocator-block-size=33554432"
    "memorysetup-bucket-allocator-block-count=8"
    "memorysetup-main-allocator-block-size=16777216"
    "memorysetup-thread-allocator-block-size=16777216"
    "memorysetup-gfx-main-allocator-block-size=16777216"
    "memorysetup-gfx-thread-allocator-block-size=16777216"
    "memorysetup-cache-allocator-block-size=4194304"
    "memorysetup-typetree-allocator-block-size=2097152"
    "memorysetup-profiler-bucket-allocator-granularity=16"
    "memorysetup-profiler-bucket-allocator-bucket-count=8"
    "memorysetup-profiler-bucket-allocator-block-size=33554432"
    "memorysetup-profiler-bucket-allocator-block-count=8"
    "memorysetup-profiler-allocator-block-size=16777216"
    "memorysetup-profiler-editor-allocator-block-size=1048576"
    "memorysetup-temp-allocator-size-main=16777216"
    "memorysetup-job-temp-allocator-block-size=2097152"
    "memorysetup-job-temp-allocator-block-size-background=1048576"
    "memorysetup-job-temp-allocator-reduction-small-platforms=262144"
    "memorysetup-temp-allocator-size-background-worker=32768"
    "memorysetup-temp-allocator-size-job-worker=262144"
    "memorysetup-temp-allocator-size-preload-manager=33554432"
    "memorysetup-temp-allocator-size-nav-mesh-worker=65536"
    "memorysetup-temp-allocator-size-audio-worker=65536"
    "memorysetup-temp-allocator-size-cloud-worker=32768"
    "memorysetup-temp-allocator-size-gi-baking-worker=262144"
    "memorysetup-temp-allocator-size-gfx=262144"
Refreshing native plugins compatible for Editor in 166.26 ms, found 3 plugins.
Preloading 0 native plugins for Editor in 0.00 ms.
Initialize engine version: 2021.3.4f1 (cb45f9cae8b7)
[Subsystems] Discovering subsystems at path C:/Program Files/Unity/Hub/Editor/2021.3.4f1/Editor/Data/Resources/UnitySubsystems
[Subsystems] Discovering subsystems at path C:/Users/Owner/Documents/GitHub/yonekokousha/My project (19)/Assets
GfxDevice: creating device client; threaded=0; jobified=0
Direct3D:
    Version:  Direct3D 11.0 [level 11.1]
    Renderer: NVIDIA T1000 (ID=0x1fb0)
    Vendor:   NVIDIA
    VRAM:     3962 MB
    Driver:   30.0.14.7141
Initialize mono
Mono path[0] = 'C:/Program Files/Unity/Hub/Editor/2021.3.4f1/Editor/Data/Managed'
Mono path[1] = 'C:/Program Files/Unity/Hub/Editor/2021.3.4f1/Editor/Data/MonoBleedingEdge/lib/mono/unityjit-win32'
Mono config path = 'C:/Program Files/Unity/Hub/Editor/2021.3.4f1/Editor/Data/MonoBleedingEdge/etc'
Using monoOptions --debugger-agent=transport=dt_socket,embedding=1,server=y,suspend=n,address=127.0.0.1:56432
Begin MonoManager ReloadAssembly
Registering precompiled unity dll's ...
Register platform support module: C:/Program Files/Unity/Hub/Editor/2021.3.4f1/Editor/Data/PlaybackEngines/MacStandaloneSupport/UnityEditor.OSXStandalone.Extensions.dll
Register platform support module: C:/Program Files/Unity/Hub/Editor/2021.3.4f1/Editor/Data/PlaybackEngines/AndroidPlayer/UnityEditor.Android.Extensions.dll
Register platform support module: C:/Program Files/Unity/Hub/Editor/2021.3.4f1/Editor/Data/PlaybackEngines/iOSSupport/UnityEditor.iOS.Extensions.dll
Register platform support module: C:/Program Files/Unity/Hub/Editor/2021.3.4f1/Editor/Data/PlaybackEngines/WindowsStandaloneSupport/UnityEditor.WindowsStandalone.Extensions.dll
Registered in 0.013399 seconds.
Native extension for WindowsStandalone target not found
Native extension for iOS target not found
Native extension for Android target not found
Native extension for OSXStandalone target not found
Refreshing native plugins compatible for Editor in 144.13 ms, found 3 plugins.
Preloading 0 native plugins for Editor in 0.00 ms.
Mono: successfully reloaded assembly
- Completed reload, in  0.830 seconds
Domain Reload Profiling:
	ReloadAssembly (830ms)
		BeginReloadAssembly (92ms)
			ExecutionOrderSort (0ms)
			DisableScriptedObjects (0ms)
			BackupInstance (0ms)
			ReleaseScriptingObjects (0ms)
			CreateAndSetChildDomain (1ms)
		EndReloadAssembly (598ms)
			LoadAssemblies (93ms)
			RebuildTransferFunctionScriptingTraits (0ms)
			SetupTypeCache (135ms)
			ReleaseScriptCaches (0ms)
			RebuildScriptCaches (29ms)
			SetupLoadedEditorAssemblies (381ms)
				LogAssemblyErrors (0ms)
				InitializePlatformSupportModulesInManaged (83ms)
				SetLoadedEditorAssemblies (0ms)
				RefreshPlugins (144ms)
				BeforeProcessingInitializeOnLoad (1ms)
				ProcessInitializeOnLoadAttributes (99ms)
				ProcessInitializeOnLoadMethodAttributes (53ms)
				AfterProcessingInitializeOnLoad (0ms)
				EditorAssembliesLoaded (0ms)
			ExecutionOrderSort2 (0ms)
			AwakeInstancesAfterBackupRestoration (0ms)
Platform modules already initialized, skipping
Registering precompiled user dll's ...
Registered in 0.020316 seconds.
Begin MonoManager ReloadAssembly
Native extension for WindowsStandalone target not found
Native extension for iOS target not found
Native extension for Android target not found
Native extension for OSXStandalone target not found
Refreshing native plugins compatible for Editor in 116.83 ms, found 3 plugins.
Preloading 0 native plugins for Editor in 0.00 ms.
Package Manager log level set to [2]
System.NullReferenceException: Object reference not set to an instance of an object
  at ClusterVR.CreatorKit.Editor.Package.PackageInfo.GetCreatorKitVersion () [0x0000f] in C:\Users\Owner\Documents\GitHub\yonekokousha\My project (19)\Library\PackageCache\mu.cluster.cluster-creator-kit@2.28.0\Editor\Package\PackageInfo.cs:15 
  at ClusterVR.CreatorKit.Editor.ProjectSettings.CckVersionUpdater..cctor () [0x00000] in C:\Users\Owner\Documents\GitHub\yonekokousha\My project (19)\Library\PackageCache\mu.cluster.cluster-creator-kit@2.28.0\Editor\ProjectSettings\CckVersionUpdater.cs:12 
UnityEngine.StackTraceUtility:ExtractStackTrace ()
UnityEngine.DebugLogHandler:LogFormat (UnityEngine.LogType,UnityEngine.Object,string,object[])
UnityEngine.Logger:Log (UnityEngine.LogType,object)
UnityEngine.Debug:LogError (object)
UnityEditor.EditorAssemblies:ProcessInitializeOnLoadAttributes (System.Type[])

Mono: successfully reloaded assembly
- Completed reload, in  1.753 seconds
Domain Reload Profiling:
	ReloadAssembly (1754ms)
		BeginReloadAssembly (247ms)
			ExecutionOrderSort (0ms)
			DisableScriptedObjects (6ms)
			BackupInstance (0ms)
			ReleaseScriptingObjects (0ms)
			CreateAndSetChildDomain (136ms)
		EndReloadAssembly (1332ms)
			LoadAssemblies (176ms)
			RebuildTransferFunctionScriptingTraits (0ms)
			SetupTypeCache (378ms)
			ReleaseScriptCaches (1ms)
			RebuildScriptCaches (82ms)
			SetupLoadedEditorAssemblies (661ms)
				LogAssemblyErrors (0ms)
				InitializePlatformSupportModulesInManaged (41ms)
				SetLoadedEditorAssemblies (0ms)
				RefreshPlugins (117ms)
				BeforeProcessingInitializeOnLoad (145ms)
				ProcessInitializeOnLoadAttributes (307ms)
				ProcessInitializeOnLoadMethodAttributes (45ms)
				AfterProcessingInitializeOnLoad (6ms)
				EditorAssembliesLoaded (0ms)
			ExecutionOrderSort2 (0ms)
			AwakeInstancesAfterBackupRestoration (5ms)
Platform modules already initialized, skipping
========================================================================
Worker process is ready to serve import requests
Launched and connected shader compiler UnityShaderCompiler.exe after 0.06 seconds
Refreshing native plugins compatible for Editor in 0.88 ms, found 3 plugins.
Preloading 0 native plugins for Editor in 0.00 ms.
Unloading 4546 Unused Serialized files (Serialized files now loaded: 0)
Unloading 28 unused Assets / (93.2 KB). Loaded Objects now: 5012.
Memory consumption went from 164.4 MB to 164.3 MB.
Total: 3.727100 ms (FindLiveObjects: 0.446100 ms CreateObjectMapping: 0.300800 ms MarkObjects: 2.858400 ms  DeleteObjects: 0.120100 ms)

AssetImportParameters requested are different than current active one (requested -> active):
  custom:video-decoder-ogg-theora: a1e56fd34408186e4bbccfd4996cb3dc -> 
  custom:container-muxer-webm: aa71ff27fc2769a1b78a27578f13a17b -> 
  custom:container-demuxer-webm: 4f35f7cbe854078d1ac9338744f61a02 -> 
  custom:video-encoder-webm-vp8: eb34c28f22e8b96e1ab97ce403110664 -> 
  custom:video-codec-MediaFoundation-h265: 746d11721c4dcdbdad8f713fa42b33f4 -> 
  custom:audio-encoder-webm-vorbis: bf7c407c2cedff20999df2af8eb42d56 -> 
  custom:framework-win-MediaFoundation: 216162199b28c13a410421893ffa2e32 -> 
  custom:container-demuxer-ogg: 62fdf1f143b41e24485cea50d1cbac27 -> 
  custom:video-decoder-webm-vp8: 9c59270c3fd7afecdb556c50c9e8de78 -> 
  custom:audio-decoder-ogg-vorbis: bf7c407c2cedff20999df2af8eb42d56 -> 
========================================================================
Received Import Request.
  Time since last request: 1238.364130 seconds.
  path: Assets/Tree.prefab
  artifactKey: Guid(04a320fa887403546b57e85a5c9ec107) Importer(815301076,1909f56bfc062723c751e8b465ee728b)
Start importing Assets/Tree.prefab using Guid(04a320fa887403546b57e85a5c9ec107) Importer(815301076,1909f56bfc062723c751e8b465ee728b)  -> (artifact id: '2af127f714ee8bfc8ea09857ca963cfa') in 0.195781 seconds 
========================================================================
Received Import Request.
  Time since last request: 4.633670 seconds.
  path: Assets/Scenes
  artifactKey: Guid(6ea315d0fd7389c41b19996891e99ae3) Importer(815301076,1909f56bfc062723c751e8b465ee728b)
Start importing Assets/Scenes using Guid(6ea315d0fd7389c41b19996891e99ae3) Importer(815301076,1909f56bfc062723c751e8b465ee728b)  -> (artifact id: 'bc172811d573b296104adb4d2728db37') in 0.007047 seconds 
========================================================================
Received Import Request.
  Time since last request: 0.012379 seconds.
  path: Assets/Scenes/isuuuu.blend
  artifactKey: Guid(5a0214bac9d5e9145b2a614ea76819b6) Importer(815301076,1909f56bfc062723c751e8b465ee728b)
Start importing Assets/Scenes/isuuuu.blend using Guid(5a0214bac9d5e9145b2a614ea76819b6) Importer(815301076,1909f56bfc062723c751e8b465ee728b)  -> (artifact id: 'b7834680eed3f52f0480748395be9dc7') in 0.862212 seconds 
========================================================================
Received Import Request.
  Time since last request: 0.000032 seconds.
  path: Assets/Scenes/階段　5.blend
  artifactKey: Guid(2f9a65768926f8c4a83d6e70ca2d842d) Importer(815301076,1909f56bfc062723c751e8b465ee728b)
Start importing Assets/Scenes/階段　5.blend using Guid(2f9a65768926f8c4a83d6e70ca2d842d) Importer(815301076,1909f56bfc062723c751e8b465ee728b)  -> (artifact id: '35b914b7211049344b1a9a3854adbb22') in 1.616249 seconds 
========================================================================
Received Import Request.
  Time since last request: 0.000043 seconds.
  path: Assets/Scenes/階段　逆. 上の有り.blend
  artifactKey: Guid(032e4e2c1f95e3d49bb029feae3207f2) Importer(815301076,1909f56bfc062723c751e8b465ee728b)
Start importing Assets/Scenes/階段　逆. 上の有り.blend using Guid(032e4e2c1f95e3d49bb029feae3207f2) Importer(815301076,1909f56bfc062723c751e8b465ee728b)  -> (artifact id: 'b4d015ff8a6854c2461d8f969e2f9379') in 1.793274 seconds 
========================================================================
Received Import Request.
  Time since last request: 0.000035 seconds.
  path: Assets/校舎中.unity
  artifactKey: Guid(d7bc613a9038f894d855bbe3b00637e2) Importer(815301076,1909f56bfc062723c751e8b465ee728b)
Start importing Assets/校舎中.unity using Guid(d7bc613a9038f894d855bbe3b00637e2) Importer(815301076,1909f56bfc062723c751e8b465ee728b)  -> (artifact id: 'c75d80d2024c349d76ca87e2c54e8773') in 0.004182 seconds 
========================================================================
Received Import Request.
  Time since last request: 0.000044 seconds.
  path: Assets/Scenes/体育館　試作　４.blend
  artifactKey: Guid(ef241ba291cca3046ba3b0095b5c4715) Importer(815301076,1909f56bfc062723c751e8b465ee728b)
Start importing Assets/Scenes/体育館　試作　４.blend using Guid(ef241ba291cca3046ba3b0095b5c4715) Importer(815301076,1909f56bfc062723c751e8b465ee728b)  -> (artifact id: '4672b2780eaf37d37b9d81302aa1ae73') in 0.745725 seconds 
========================================================================
Received Import Request.
  Time since last request: 0.000035 seconds.
  path: Assets/Scenes/もっちー階段 Variant.prefab
  artifactKey: Guid(83fc88fa4a3cb98489e7d00ba7520e05) Importer(815301076,1909f56bfc062723c751e8b465ee728b)
Start importing Assets/Scenes/もっちー階段 Variant.prefab using Guid(83fc88fa4a3cb98489e7d00ba7520e05) Importer(815301076,1909f56bfc062723c751e8b465ee728b)  -> (artifact id: '1d89df2d78eeefe9f612190635162713') in 0.067764 seconds 
========================================================================
Received Import Request.
  Time since last request: 0.000046 seconds.
  path: Assets/Scenes/op1.blend
  artifactKey: Guid(21ee53136d8b5d149a7cc6841f206bf2) Importer(815301076,1909f56bfc062723c751e8b465ee728b)
Start importing Assets/Scenes/op1.blend using Guid(21ee53136d8b5d149a7cc6841f206bf2) Importer(815301076,1909f56bfc062723c751e8b465ee728b)  -> (artifact id: '338a29da293d9f1dd52e3a62fcf759fa') in 0.051241 seconds 
========================================================================
Received Import Request.
  Time since last request: 0.000034 seconds.
  path: Assets/Scenes/op.blend
  artifactKey: Guid(1b50d54cf891f1b4da844239aebe1922) Importer(815301076,1909f56bfc062723c751e8b465ee728b)
Start importing Assets/Scenes/op.blend using Guid(1b50d54cf891f1b4da844239aebe1922) Importer(815301076,1909f56bfc062723c751e8b465ee728b)  -> (artifact id: '08f87cf039c554b5b99d3ae5a37883ee') in 0.049472 seconds 
========================================================================
Received Import Request.
  Time since last request: 0.000023 seconds.
  path: Assets/Scenes/教室  椅子　机 本当に本当に最後 1.blend
  artifactKey: Guid(cddb093b92141cf4eae1021cc0930fd6) Importer(815301076,1909f56bfc062723c751e8b465ee728b)
Start importing Assets/Scenes/教室  椅子　机 本当に本当に最後 1.blend using Guid(cddb093b92141cf4eae1021cc0930fd6) Importer(815301076,1909f56bfc062723c751e8b465ee728b)  -> (artifact id: 'a89de8ed4d0f6fc857be6d69631619c3') in 10.063986 seconds 
========================================================================
Received Import Request.
  Time since last request: 150.690820 seconds.
  path: Assets/Scenes/yonekokenji 1.unity
  artifactKey: Guid(a844b0955cce80b44a194efd01948bb1) Importer(815301076,1909f56bfc062723c751e8b465ee728b)
Start importing Assets/Scenes/yonekokenji 1.unity using Guid(a844b0955cce80b44a194efd01948bb1) Importer(815301076,1909f56bfc062723c751e8b465ee728b)  -> (artifact id: '439d061ae50199b1297dcc197ebc1e0e') in 0.003983 seconds 
========================================================================
Received Import Request.
  Time since last request: 50.603660 seconds.
  path: Assets/atusib
  artifactKey: Guid(fca0d3f3ca75ad54ab24c2ddb25e70fa) Importer(815301076,1909f56bfc062723c751e8b465ee728b)
Start importing Assets/atusib using Guid(fca0d3f3ca75ad54ab24c2ddb25e70fa) Importer(815301076,1909f56bfc062723c751e8b465ee728b)  -> (artifact id: 'eebf03318bf92ab4dcd8db74370d85d2') in 0.004138 seconds 
========================================================================
Received Import Request.
  Time since last request: 1.277821 seconds.
  path: Assets/atusib/1000006657.jpg
  artifactKey: Guid(24492fa0eb738264da4f36a58c17a89b) Importer(815301076,1909f56bfc062723c751e8b465ee728b)
Start importing Assets/atusib/1000006657.jpg using Guid(24492fa0eb738264da4f36a58c17a89b) Importer(815301076,1909f56bfc062723c751e8b465ee728b)  -> (artifact id: '021cf3f1ae3a1c8f6c2d8a2287098c66') in 0.115015 seconds 
========================================================================
Received Import Request.
  Time since last request: 0.000036 seconds.
  path: Assets/atusib/isuuuu Variant.prefab
  artifactKey: Guid(c5ecab397681ec94ba885934cc045bae) Importer(815301076,1909f56bfc062723c751e8b465ee728b)
Start importing Assets/atusib/isuuuu Variant.prefab using Guid(c5ecab397681ec94ba885934cc045bae) Importer(815301076,1909f56bfc062723c751e8b465ee728b)  -> (artifact id: 'fcad7faf5e65fb36d6aa3c9ee1b4a022') in 0.029155 seconds 
========================================================================
Received Import Request.
  Time since last request: 0.000038 seconds.
  path: Assets/atusib/1000006660.jpg
  artifactKey: Guid(006615289017f1f49a903705a42db6e4) Importer(815301076,1909f56bfc062723c751e8b465ee728b)
Start importing Assets/atusib/1000006660.jpg using Guid(006615289017f1f49a903705a42db6e4) Importer(815301076,1909f56bfc062723c751e8b465ee728b)  -> (artifact id: 'ee1667aee26abb6a29ab02e6ff868728') in 0.027031 seconds 
========================================================================
Received Import Request.
  Time since last request: 0.000114 seconds.
  path: Assets/atusib/isuuuu.blend
  artifactKey: Guid(60e388d4f06b38745a08e50388e2817c) Importer(815301076,1909f56bfc062723c751e8b465ee728b)
Start importing Assets/atusib/isuuuu.blend using Guid(60e388d4f06b38745a08e50388e2817c) Importer(815301076,1909f56bfc062723c751e8b465ee728b)  -> (artifact id: '273b6f70bc13ae4d9b11fe82de00895c') in 0.706435 seconds 
Editor requested this worker to shutdown with reason: Scaling down because of idle timeout
AssetImportWorker is now disconnected from the server
Process exiting
Exiting without the bug reporter. Application will terminate with return code 0